<?xml version="1.0" encoding="UTF-8"?>
<coverage generated="1658294875801" clover="3.2.0">
  <project timestamp="1658294875801" name="All files">
    <metrics statements="103" coveredstatements="102" conditionals="45" coveredconditionals="40" methods="36" coveredmethods="35" elements="184" coveredelements="177" complexity="0" loc="103" ncloc="103" packages="1" files="5" classes="5"/>
    <file name="compiler.ts" path="D:\桌面\大二下学习记录\百度前端\myMVVM\src\compiler.ts">
      <metrics statements="55" coveredstatements="54" conditionals="31" coveredconditionals="28" methods="16" coveredmethods="15"/>
      <line num="9" count="2" type="stmt"/>
      <line num="10" count="2" type="stmt"/>
      <line num="11" count="2" type="cond" truecount="1" falsecount="1"/>
      <line num="13" count="2" type="stmt"/>
      <line num="15" count="2" type="stmt"/>
      <line num="17" count="2" type="stmt"/>
      <line num="26" count="2" type="stmt"/>
      <line num="27" count="2" type="cond" truecount="3" falsecount="1"/>
      <line num="28" count="2" type="stmt"/>
      <line num="30" count="10" type="cond" truecount="2" falsecount="0"/>
      <line num="31" count="8" type="stmt"/>
      <line num="35" count="2" type="stmt"/>
      <line num="43" count="10" type="stmt"/>
      <line num="44" count="10" type="cond" truecount="3" falsecount="0"/>
      <line num="52" count="12" type="cond" truecount="4" falsecount="0"/>
      <line num="53" count="10" type="stmt"/>
      <line num="55" count="20" type="cond" truecount="2" falsecount="0"/>
      <line num="57" count="10" type="stmt"/>
      <line num="58" count="10" type="cond" truecount="1" falsecount="1"/>
      <line num="60" count="10" type="stmt"/>
      <line num="72" count="10" type="stmt"/>
      <line num="73" count="10" type="stmt"/>
      <line num="74" count="10" type="stmt"/>
      <line num="75" count="10" type="stmt"/>
      <line num="76" count="10" type="cond" truecount="2" falsecount="0"/>
      <line num="77" count="4" type="stmt"/>
      <line num="78" count="4" type="cond" truecount="2" falsecount="0"/>
      <line num="80" count="2" type="stmt"/>
      <line num="81" count="4" type="stmt"/>
      <line num="83" count="2" type="stmt"/>
      <line num="85" count="2" type="stmt"/>
      <line num="86" count="3" type="stmt"/>
      <line num="89" count="2" type="stmt"/>
      <line num="90" count="0" type="stmt"/>
      <line num="92" count="2" type="stmt"/>
      <line num="95" count="10" type="cond" truecount="2" falsecount="0"/>
      <line num="96" count="2" type="stmt"/>
      <line num="99" count="10" type="stmt"/>
      <line num="110" count="2" type="stmt"/>
      <line num="111" count="2" type="stmt"/>
      <line num="112" count="2" type="stmt"/>
      <line num="120" count="10" type="stmt"/>
      <line num="121" count="10" type="cond" truecount="2" falsecount="0"/>
      <line num="123" count="6" type="stmt"/>
      <line num="126" count="6" type="stmt"/>
      <line num="127" count="7" type="stmt"/>
      <line num="140" count="6" type="stmt"/>
      <line num="142" count="6" type="stmt"/>
      <line num="144" count="6" type="stmt"/>
      <line num="146" count="6" type="stmt"/>
      <line num="147" count="6" type="stmt"/>
      <line num="148" count="10" type="cond" truecount="4" falsecount="0"/>
      <line num="150" count="2" type="stmt"/>
      <line num="152" count="8" type="stmt"/>
      <line num="155" count="6" type="stmt"/>
    </file>
    <file name="dep.ts" path="D:\桌面\大二下学习记录\百度前端\myMVVM\src\dep.ts">
      <metrics statements="4" coveredstatements="4" conditionals="0" coveredconditionals="0" methods="3" coveredmethods="3"/>
      <line num="8" count="9" type="stmt"/>
      <line num="12" count="10" type="stmt"/>
      <line num="16" count="2" type="stmt"/>
      <line num="17" count="4" type="stmt"/>
    </file>
    <file name="index.ts" path="D:\桌面\大二下学习记录\百度前端\myMVVM\src\index.ts">
      <metrics statements="16" coveredstatements="16" conditionals="6" coveredconditionals="4" methods="7" coveredmethods="7"/>
      <line num="13" count="2" type="stmt"/>
      <line num="15" count="2" type="cond" truecount="1" falsecount="1"/>
      <line num="17" count="2" type="stmt"/>
      <line num="19" count="2" type="stmt"/>
      <line num="20" count="2" type="stmt"/>
      <line num="22" count="2" type="stmt"/>
      <line num="25" count="2" type="stmt"/>
      <line num="26" count="2" type="stmt"/>
      <line num="35" count="2" type="stmt"/>
      <line num="36" count="7" type="stmt"/>
      <line num="38" count="12" type="stmt"/>
      <line num="41" count="2" type="stmt"/>
      <line num="53" count="2" type="cond" truecount="3" falsecount="1"/>
      <line num="54" count="2" type="stmt"/>
      <line num="55" count="2" type="stmt"/>
      <line num="61" count="1" type="stmt"/>
    </file>
    <file name="observer.ts" path="D:\桌面\大二下学习记录\百度前端\myMVVM\src\observer.ts">
      <metrics statements="14" coveredstatements="14" conditionals="6" coveredconditionals="6" methods="6" coveredmethods="6"/>
      <line num="7" count="2" type="stmt"/>
      <line num="9" count="2" type="stmt"/>
      <line num="17" count="11" type="cond" truecount="4" falsecount="0"/>
      <line num="18" count="7" type="stmt"/>
      <line num="21" count="4" type="stmt"/>
      <line num="22" count="9" type="stmt"/>
      <line num="34" count="9" type="stmt"/>
      <line num="35" count="9" type="stmt"/>
      <line num="41" count="12" type="cond" truecount="2" falsecount="0"/>
      <line num="43" count="12" type="stmt"/>
      <line num="47" count="2" type="stmt"/>
      <line num="48" count="2" type="stmt"/>
      <line num="49" count="2" type="stmt"/>
      <line num="52" count="9" type="stmt"/>
    </file>
    <file name="watcher.ts" path="D:\桌面\大二下学习记录\百度前端\myMVVM\src\watcher.ts">
      <metrics statements="14" coveredstatements="14" conditionals="2" coveredconditionals="2" methods="4" coveredmethods="4"/>
      <line num="3" count="1" type="stmt"/>
      <line num="10" count="10" type="stmt"/>
      <line num="11" count="10" type="stmt"/>
      <line num="12" count="10" type="stmt"/>
      <line num="13" count="10" type="stmt"/>
      <line num="14" count="10" type="stmt"/>
      <line num="21" count="14" type="stmt"/>
      <line num="22" count="14" type="stmt"/>
      <line num="23" count="14" type="stmt"/>
      <line num="24" count="14" type="stmt"/>
      <line num="31" count="14" type="stmt"/>
      <line num="32" count="14" type="cond" truecount="2" falsecount="0"/>
      <line num="40" count="14" type="stmt"/>
      <line num="41" count="14" type="stmt"/>
    </file>
  </project>
</coverage>
