{"D:\\桌面\\大二下学习记录\\百度前端\\myMVVM\\src\\compiler.ts": {"path":"D:\\桌面\\大二下学习记录\\百度前端\\myMVVM\\src\\compiler.ts","statementMap":{"0":{"start":{"line":9,"column":8},"end":{"line":9,"column":31}},"1":{"start":{"line":10,"column":8},"end":{"line":10,"column":31}},"2":{"start":{"line":11,"column":8},"end":{"line":18,"column":9}},"3":{"start":{"line":13,"column":12},"end":{"line":13,"column":59}},"4":{"start":{"line":15,"column":12},"end":{"line":15,"column":41}},"5":{"start":{"line":17,"column":12},"end":{"line":17,"column":43}},"6":{"start":{"line":26,"column":23},"end":{"line":26,"column":56}},"7":{"start":{"line":27,"column":8},"end":{"line":34,"column":9}},"8":{"start":{"line":28,"column":12},"end":{"line":33,"column":14}},"9":{"start":{"line":30,"column":16},"end":{"line":32,"column":17}},"10":{"start":{"line":31,"column":20},"end":{"line":31,"column":42}},"11":{"start":{"line":35,"column":8},"end":{"line":35,"column":24}},"12":{"start":{"line":43,"column":18},"end":{"line":43,"column":30}},"13":{"start":{"line":44,"column":8},"end":{"line":44,"column":91}},"14":{"start":{"line":52,"column":8},"end":{"line":63,"column":9}},"15":{"start":{"line":53,"column":12},"end":{"line":62,"column":14}},"16":{"start":{"line":55,"column":16},"end":{"line":61,"column":17}},"17":{"start":{"line":57,"column":20},"end":{"line":57,"column":52}},"18":{"start":{"line":58,"column":23},"end":{"line":61,"column":17}},"19":{"start":{"line":60,"column":20},"end":{"line":60,"column":49}},"20":{"start":{"line":72,"column":20},"end":{"line":72,"column":40}},"21":{"start":{"line":73,"column":8},"end":{"line":98,"column":10}},"22":{"start":{"line":74,"column":23},"end":{"line":74,"column":27}},"23":{"start":{"line":75,"column":50},"end":{"line":75,"column":54}},"24":{"start":{"line":76,"column":12},"end":{"line":94,"column":13}},"25":{"start":{"line":77,"column":30},"end":{"line":77,"column":47}},"26":{"start":{"line":78,"column":16},"end":{"line":93,"column":17}},"27":{"start":{"line":80,"column":24},"end":{"line":82,"column":26}},"28":{"start":{"line":81,"column":28},"end":{"line":81,"column":56}},"29":{"start":{"line":83,"column":24},"end":{"line":83,"column":30}},"30":{"start":{"line":85,"column":24},"end":{"line":87,"column":26}},"31":{"start":{"line":86,"column":28},"end":{"line":86,"column":50}},"32":{"start":{"line":89,"column":24},"end":{"line":91,"column":26}},"33":{"start":{"line":90,"column":28},"end":{"line":90,"column":69}},"34":{"start":{"line":92,"column":24},"end":{"line":92,"column":30}},"35":{"start":{"line":95,"column":12},"end":{"line":97,"column":13}},"36":{"start":{"line":96,"column":16},"end":{"line":96,"column":74}},"37":{"start":{"line":99,"column":8},"end":{"line":99,"column":27}},"38":{"start":{"line":110,"column":19},"end":{"line":110,"column":36}},"39":{"start":{"line":111,"column":17},"end":{"line":111,"column":33}},"40":{"start":{"line":112,"column":8},"end":{"line":112,"column":50}},"41":{"start":{"line":120,"column":19},"end":{"line":120,"column":42}},"42":{"start":{"line":121,"column":8},"end":{"line":129,"column":9}},"43":{"start":{"line":123,"column":22},"end":{"line":123,"column":45}},"44":{"start":{"line":126,"column":12},"end":{"line":128,"column":14}},"45":{"start":{"line":127,"column":16},"end":{"line":127,"column":43}},"46":{"start":{"line":140,"column":22},"end":{"line":140,"column":38}},"47":{"start":{"line":142,"column":21},"end":{"line":142,"column":40}},"48":{"start":{"line":144,"column":23},"end":{"line":144,"column":42}},"49":{"start":{"line":146,"column":21},"end":{"line":146,"column":23}},"50":{"start":{"line":147,"column":8},"end":{"line":154,"column":10}},"51":{"start":{"line":148,"column":12},"end":{"line":153,"column":13}},"52":{"start":{"line":150,"column":16},"end":{"line":150,"column":41}},"53":{"start":{"line":152,"column":16},"end":{"line":152,"column":41}},"54":{"start":{"line":155,"column":8},"end":{"line":155,"column":32}}},"fnMap":{"0":{"name":"(anonymous_0)","decl":{"start":{"line":7,"column":4},"end":{"line":7,"column":5}},"loc":{"start":{"line":7,"column":25},"end":{"line":19,"column":5}},"line":7},"1":{"name":"(anonymous_1)","decl":{"start":{"line":25,"column":4},"end":{"line":25,"column":5}},"loc":{"start":{"line":25,"column":24},"end":{"line":36,"column":5}},"line":25},"2":{"name":"(anonymous_2)","decl":{"start":{"line":28,"column":36},"end":{"line":28,"column":37}},"loc":{"start":{"line":28,"column":43},"end":{"line":33,"column":13}},"line":28},"3":{"name":"(anonymous_3)","decl":{"start":{"line":42,"column":4},"end":{"line":42,"column":5}},"loc":{"start":{"line":42,"column":19},"end":{"line":45,"column":5}},"line":42},"4":{"name":"(anonymous_4)","decl":{"start":{"line":51,"column":4},"end":{"line":51,"column":5}},"loc":{"start":{"line":51,"column":18},"end":{"line":64,"column":5}},"line":51},"5":{"name":"(anonymous_5)","decl":{"start":{"line":53,"column":36},"end":{"line":53,"column":37}},"loc":{"start":{"line":53,"column":43},"end":{"line":62,"column":13}},"line":53},"6":{"name":"(anonymous_6)","decl":{"start":{"line":70,"column":4},"end":{"line":70,"column":5}},"loc":{"start":{"line":70,"column":29},"end":{"line":100,"column":5}},"line":70},"7":{"name":"(anonymous_7)","decl":{"start":{"line":73,"column":22},"end":{"line":73,"column":23}},"loc":{"start":{"line":73,"column":28},"end":{"line":98,"column":9}},"line":73},"8":{"name":"(anonymous_8)","decl":{"start":{"line":80,"column":59},"end":{"line":80,"column":60}},"loc":{"start":{"line":80,"column":69},"end":{"line":82,"column":25}},"line":80},"9":{"name":"(anonymous_9)","decl":{"start":{"line":85,"column":59},"end":{"line":85,"column":60}},"loc":{"start":{"line":85,"column":69},"end":{"line":87,"column":25}},"line":85},"10":{"name":"(anonymous_10)","decl":{"start":{"line":89,"column":54},"end":{"line":89,"column":55}},"loc":{"start":{"line":89,"column":57},"end":{"line":91,"column":25}},"line":89},"11":{"name":"(anonymous_11)","decl":{"start":{"line":109,"column":4},"end":{"line":109,"column":5}},"loc":{"start":{"line":109,"column":50},"end":{"line":113,"column":5}},"line":109},"12":{"name":"(anonymous_12)","decl":{"start":{"line":119,"column":4},"end":{"line":119,"column":5}},"loc":{"start":{"line":119,"column":26},"end":{"line":130,"column":5}},"line":119},"13":{"name":"(anonymous_13)","decl":{"start":{"line":126,"column":41},"end":{"line":126,"column":42}},"loc":{"start":{"line":126,"column":53},"end":{"line":128,"column":13}},"line":126},"14":{"name":"(anonymous_14)","decl":{"start":{"line":138,"column":4},"end":{"line":138,"column":5}},"loc":{"start":{"line":138,"column":22},"end":{"line":156,"column":5}},"line":138},"15":{"name":"(anonymous_15)","decl":{"start":{"line":147,"column":23},"end":{"line":147,"column":24}},"loc":{"start":{"line":147,"column":29},"end":{"line":154,"column":9}},"line":147}},"branchMap":{"0":{"loc":{"start":{"line":11,"column":8},"end":{"line":18,"column":9}},"type":"if","locations":[{"start":{"line":11,"column":8},"end":{"line":18,"column":9}},{"start":{},"end":{}}],"line":11},"1":{"loc":{"start":{"line":27,"column":8},"end":{"line":34,"column":9}},"type":"if","locations":[{"start":{"line":27,"column":8},"end":{"line":34,"column":9}},{"start":{},"end":{}}],"line":27},"2":{"loc":{"start":{"line":27,"column":12},"end":{"line":27,"column":59}},"type":"binary-expr","locations":[{"start":{"line":27,"column":12},"end":{"line":27,"column":27}},{"start":{"line":27,"column":31},"end":{"line":27,"column":59}}],"line":27},"3":{"loc":{"start":{"line":30,"column":16},"end":{"line":32,"column":17}},"type":"if","locations":[{"start":{"line":30,"column":16},"end":{"line":32,"column":17}},{"start":{},"end":{}}],"line":30},"4":{"loc":{"start":{"line":44,"column":16},"end":{"line":44,"column":90}},"type":"binary-expr","locations":[{"start":{"line":44,"column":16},"end":{"line":44,"column":35}},{"start":{"line":44,"column":40},"end":{"line":44,"column":59}},{"start":{"line":44,"column":63},"end":{"line":44,"column":89}}],"line":44},"5":{"loc":{"start":{"line":52,"column":8},"end":{"line":63,"column":9}},"type":"if","locations":[{"start":{"line":52,"column":8},"end":{"line":63,"column":9}},{"start":{},"end":{}}],"line":52},"6":{"loc":{"start":{"line":52,"column":12},"end":{"line":52,"column":59}},"type":"binary-expr","locations":[{"start":{"line":52,"column":12},"end":{"line":52,"column":27}},{"start":{"line":52,"column":31},"end":{"line":52,"column":59}}],"line":52},"7":{"loc":{"start":{"line":55,"column":16},"end":{"line":61,"column":17}},"type":"if","locations":[{"start":{"line":55,"column":16},"end":{"line":61,"column":17}},{"start":{"line":58,"column":23},"end":{"line":61,"column":17}}],"line":55},"8":{"loc":{"start":{"line":58,"column":23},"end":{"line":61,"column":17}},"type":"if","locations":[{"start":{"line":58,"column":23},"end":{"line":61,"column":17}},{"start":{},"end":{}}],"line":58},"9":{"loc":{"start":{"line":76,"column":12},"end":{"line":94,"column":13}},"type":"if","locations":[{"start":{"line":76,"column":12},"end":{"line":94,"column":13}},{"start":{},"end":{}}],"line":76},"10":{"loc":{"start":{"line":78,"column":16},"end":{"line":93,"column":17}},"type":"switch","locations":[{"start":{"line":79,"column":20},"end":{"line":83,"column":30}},{"start":{"line":84,"column":20},"end":{"line":92,"column":30}}],"line":78},"11":{"loc":{"start":{"line":95,"column":12},"end":{"line":97,"column":13}},"type":"if","locations":[{"start":{"line":95,"column":12},"end":{"line":97,"column":13}},{"start":{},"end":{}}],"line":95},"12":{"loc":{"start":{"line":121,"column":8},"end":{"line":129,"column":9}},"type":"if","locations":[{"start":{"line":121,"column":8},"end":{"line":129,"column":9}},{"start":{},"end":{}}],"line":121},"13":{"loc":{"start":{"line":148,"column":12},"end":{"line":153,"column":13}},"type":"if","locations":[{"start":{"line":148,"column":12},"end":{"line":153,"column":13}},{"start":{"line":151,"column":17},"end":{"line":153,"column":13}}],"line":148},"14":{"loc":{"start":{"line":148,"column":16},"end":{"line":148,"column":63}},"type":"binary-expr","locations":[{"start":{"line":148,"column":16},"end":{"line":148,"column":24}},{"start":{"line":148,"column":28},"end":{"line":148,"column":63}}],"line":148}},"s":{"0":2,"1":2,"2":2,"3":2,"4":2,"5":2,"6":2,"7":2,"8":2,"9":10,"10":8,"11":2,"12":10,"13":10,"14":12,"15":10,"16":20,"17":10,"18":10,"19":10,"20":10,"21":10,"22":10,"23":10,"24":10,"25":4,"26":4,"27":2,"28":4,"29":2,"30":2,"31":3,"32":2,"33":0,"34":2,"35":10,"36":2,"37":10,"38":2,"39":2,"40":2,"41":10,"42":10,"43":6,"44":6,"45":7,"46":6,"47":6,"48":6,"49":6,"50":6,"51":10,"52":2,"53":8,"54":6},"f":{"0":2,"1":2,"2":10,"3":10,"4":12,"5":20,"6":10,"7":10,"8":4,"9":3,"10":0,"11":2,"12":10,"13":7,"14":6,"15":10},"b":{"0":[2,0],"1":[2,0],"2":[2,2],"3":[8,2],"4":[10,10,2],"5":[10,2],"6":[12,12],"7":[10,10],"8":[10,0],"9":[4,6],"10":[2,2],"11":[2,8],"12":[6,4],"13":[2,8],"14":[10,6]},"_coverageSchema":"1a1c01bbd47fc00a2c39e90264f33305004495a9","hash":"e9956a0a6ae2f25646f5291e8421d23aac411b53"}
,"D:\\桌面\\大二下学习记录\\百度前端\\myMVVM\\src\\dep.ts": {"path":"D:\\桌面\\大二下学习记录\\百度前端\\myMVVM\\src\\dep.ts","statementMap":{"0":{"start":{"line":8,"column":8},"end":{"line":8,"column":22}},"1":{"start":{"line":12,"column":8},"end":{"line":12,"column":39}},"2":{"start":{"line":16,"column":8},"end":{"line":18,"column":9}},"3":{"start":{"line":17,"column":12},"end":{"line":17,"column":36}}},"fnMap":{"0":{"name":"(anonymous_0)","decl":{"start":{"line":6,"column":4},"end":{"line":6,"column":5}},"loc":{"start":{"line":6,"column":18},"end":{"line":9,"column":5}},"line":6},"1":{"name":"(anonymous_1)","decl":{"start":{"line":11,"column":4},"end":{"line":11,"column":5}},"loc":{"start":{"line":11,"column":18},"end":{"line":13,"column":5}},"line":11},"2":{"name":"(anonymous_2)","decl":{"start":{"line":15,"column":4},"end":{"line":15,"column":5}},"loc":{"start":{"line":15,"column":12},"end":{"line":19,"column":5}},"line":15}},"branchMap":{},"s":{"0":9,"1":10,"2":2,"3":4},"f":{"0":9,"1":10,"2":2},"b":{},"_coverageSchema":"1a1c01bbd47fc00a2c39e90264f33305004495a9","hash":"17d2b109295dbbae4fb650366aa75a2dc0125245"}
,"D:\\桌面\\大二下学习记录\\百度前端\\myMVVM\\src\\index.ts": {"path":"D:\\桌面\\大二下学习记录\\百度前端\\myMVVM\\src\\index.ts","statementMap":{"0":{"start":{"line":13,"column":8},"end":{"line":13,"column":53}},"1":{"start":{"line":15,"column":8},"end":{"line":15,"column":40}},"2":{"start":{"line":17,"column":8},"end":{"line":17,"column":40}},"3":{"start":{"line":19,"column":8},"end":{"line":19,"column":35}},"4":{"start":{"line":20,"column":8},"end":{"line":20,"column":41}},"5":{"start":{"line":22,"column":8},"end":{"line":22,"column":32}},"6":{"start":{"line":25,"column":8},"end":{"line":25,"column":24}},"7":{"start":{"line":26,"column":8},"end":{"line":26,"column":26}},"8":{"start":{"line":35,"column":8},"end":{"line":44,"column":10}},"9":{"start":{"line":36,"column":12},"end":{"line":43,"column":14}},"10":{"start":{"line":38,"column":19},"end":{"line":38,"column":36}},"11":{"start":{"line":41,"column":20},"end":{"line":41,"column":41}},"12":{"start":{"line":53,"column":8},"end":{"line":57,"column":9}},"13":{"start":{"line":54,"column":12},"end":{"line":56,"column":14}},"14":{"start":{"line":55,"column":16},"end":{"line":55,"column":40}},"15":{"start":{"line":61,"column":0},"end":{"line":61,"column":16}}},"fnMap":{"0":{"name":"(anonymous_0)","decl":{"start":{"line":10,"column":4},"end":{"line":10,"column":5}},"loc":{"start":{"line":10,"column":25},"end":{"line":27,"column":5}},"line":10},"1":{"name":"(anonymous_1)","decl":{"start":{"line":34,"column":4},"end":{"line":34,"column":5}},"loc":{"start":{"line":34,"column":20},"end":{"line":45,"column":5}},"line":34},"2":{"name":"(anonymous_2)","decl":{"start":{"line":35,"column":34},"end":{"line":35,"column":35}},"loc":{"start":{"line":35,"column":39},"end":{"line":44,"column":9}},"line":35},"3":{"name":"(anonymous_3)","decl":{"start":{"line":37,"column":16},"end":{"line":37,"column":17}},"loc":{"start":{"line":37,"column":21},"end":{"line":39,"column":17}},"line":37},"4":{"name":"(anonymous_4)","decl":{"start":{"line":40,"column":16},"end":{"line":40,"column":17}},"loc":{"start":{"line":40,"column":29},"end":{"line":42,"column":17}},"line":40},"5":{"name":"(anonymous_5)","decl":{"start":{"line":52,"column":4},"end":{"line":52,"column":5}},"loc":{"start":{"line":52,"column":26},"end":{"line":58,"column":5}},"line":52},"6":{"name":"(anonymous_6)","decl":{"start":{"line":54,"column":41},"end":{"line":54,"column":42}},"loc":{"start":{"line":54,"column":46},"end":{"line":56,"column":13}},"line":54}},"branchMap":{"0":{"loc":{"start":{"line":15,"column":21},"end":{"line":15,"column":39}},"type":"binary-expr","locations":[{"start":{"line":15,"column":21},"end":{"line":15,"column":33}},{"start":{"line":15,"column":37},"end":{"line":15,"column":39}}],"line":15},"1":{"loc":{"start":{"line":53,"column":8},"end":{"line":57,"column":9}},"type":"if","locations":[{"start":{"line":53,"column":8},"end":{"line":57,"column":9}},{"start":{},"end":{}}],"line":53},"2":{"loc":{"start":{"line":53,"column":12},"end":{"line":53,"column":50}},"type":"binary-expr","locations":[{"start":{"line":53,"column":12},"end":{"line":53,"column":19}},{"start":{"line":53,"column":23},"end":{"line":53,"column":50}}],"line":53}},"s":{"0":2,"1":2,"2":2,"3":2,"4":2,"5":2,"6":2,"7":2,"8":2,"9":7,"10":12,"11":2,"12":2,"13":2,"14":2,"15":1},"f":{"0":2,"1":2,"2":7,"3":12,"4":2,"5":2,"6":2},"b":{"0":[2,0],"1":[2,0],"2":[2,2]},"_coverageSchema":"1a1c01bbd47fc00a2c39e90264f33305004495a9","hash":"c606ef56b513d400d96b4b7a029442932324f568"}
,"D:\\桌面\\大二下学习记录\\百度前端\\myMVVM\\src\\observer.ts": {"path":"D:\\桌面\\大二下学习记录\\百度前端\\myMVVM\\src\\observer.ts","statementMap":{"0":{"start":{"line":7,"column":8},"end":{"line":7,"column":25}},"1":{"start":{"line":9,"column":8},"end":{"line":9,"column":28}},"2":{"start":{"line":17,"column":8},"end":{"line":19,"column":9}},"3":{"start":{"line":18,"column":12},"end":{"line":18,"column":20}},"4":{"start":{"line":21,"column":8},"end":{"line":23,"column":10}},"5":{"start":{"line":22,"column":12},"end":{"line":22,"column":51}},"6":{"start":{"line":34,"column":18},"end":{"line":34,"column":27}},"7":{"start":{"line":35,"column":8},"end":{"line":51,"column":10}},"8":{"start":{"line":41,"column":16},"end":{"line":41,"column":52}},"9":{"start":{"line":43,"column":16},"end":{"line":43,"column":28}},"10":{"start":{"line":47,"column":16},"end":{"line":47,"column":34}},"11":{"start":{"line":48,"column":16},"end":{"line":48,"column":32}},"12":{"start":{"line":49,"column":16},"end":{"line":49,"column":28}},"13":{"start":{"line":52,"column":8},"end":{"line":52,"column":24}}},"fnMap":{"0":{"name":"(anonymous_0)","decl":{"start":{"line":6,"column":4},"end":{"line":6,"column":5}},"loc":{"start":{"line":6,"column":22},"end":{"line":10,"column":5}},"line":6},"1":{"name":"(anonymous_1)","decl":{"start":{"line":16,"column":4},"end":{"line":16,"column":5}},"loc":{"start":{"line":16,"column":14},"end":{"line":24,"column":5}},"line":16},"2":{"name":"(anonymous_2)","decl":{"start":{"line":21,"column":34},"end":{"line":21,"column":35}},"loc":{"start":{"line":21,"column":39},"end":{"line":23,"column":9}},"line":21},"3":{"name":"(anonymous_3)","decl":{"start":{"line":33,"column":4},"end":{"line":33,"column":5}},"loc":{"start":{"line":33,"column":34},"end":{"line":53,"column":5}},"line":33},"4":{"name":"(anonymous_4)","decl":{"start":{"line":39,"column":17},"end":{"line":39,"column":18}},"loc":{"start":{"line":39,"column":23},"end":{"line":44,"column":13}},"line":39},"5":{"name":"(anonymous_5)","decl":{"start":{"line":46,"column":17},"end":{"line":46,"column":18}},"loc":{"start":{"line":46,"column":31},"end":{"line":50,"column":13}},"line":46}},"branchMap":{"0":{"loc":{"start":{"line":17,"column":8},"end":{"line":19,"column":9}},"type":"if","locations":[{"start":{"line":17,"column":8},"end":{"line":19,"column":9}},{"start":{},"end":{}}],"line":17},"1":{"loc":{"start":{"line":17,"column":12},"end":{"line":17,"column":45}},"type":"binary-expr","locations":[{"start":{"line":17,"column":12},"end":{"line":17,"column":17}},{"start":{"line":17,"column":21},"end":{"line":17,"column":45}}],"line":17},"2":{"loc":{"start":{"line":41,"column":16},"end":{"line":41,"column":52}},"type":"binary-expr","locations":[{"start":{"line":41,"column":16},"end":{"line":41,"column":26}},{"start":{"line":41,"column":30},"end":{"line":41,"column":52}}],"line":41}},"s":{"0":2,"1":2,"2":11,"3":7,"4":4,"5":9,"6":9,"7":9,"8":12,"9":12,"10":2,"11":2,"12":2,"13":9},"f":{"0":2,"1":11,"2":9,"3":9,"4":12,"5":2},"b":{"0":[7,4],"1":[11,9],"2":[12,10]},"_coverageSchema":"1a1c01bbd47fc00a2c39e90264f33305004495a9","hash":"689c9f8ca93e8817c6eb37c7b66e0b1d2514f237"}
,"D:\\桌面\\大二下学习记录\\百度前端\\myMVVM\\src\\watcher.ts": {"path":"D:\\桌面\\大二下学习记录\\百度前端\\myMVVM\\src\\watcher.ts","statementMap":{"0":{"start":{"line":3,"column":11},"end":{"line":3,"column":12}},"1":{"start":{"line":10,"column":8},"end":{"line":10,"column":23}},"2":{"start":{"line":11,"column":8},"end":{"line":11,"column":27}},"3":{"start":{"line":12,"column":8},"end":{"line":12,"column":21}},"4":{"start":{"line":13,"column":8},"end":{"line":13,"column":26}},"5":{"start":{"line":14,"column":8},"end":{"line":14,"column":22}},"6":{"start":{"line":21,"column":8},"end":{"line":21,"column":26}},"7":{"start":{"line":22,"column":23},"end":{"line":22,"column":69}},"8":{"start":{"line":23,"column":8},"end":{"line":23,"column":26}},"9":{"start":{"line":24,"column":8},"end":{"line":24,"column":24}},"10":{"start":{"line":31,"column":23},"end":{"line":31,"column":33}},"11":{"start":{"line":32,"column":8},"end":{"line":32,"column":37}},"12":{"start":{"line":40,"column":17},"end":{"line":40,"column":70}},"13":{"start":{"line":41,"column":8},"end":{"line":41,"column":24}}},"fnMap":{"0":{"name":"(anonymous_0)","decl":{"start":{"line":9,"column":4},"end":{"line":9,"column":5}},"loc":{"start":{"line":9,"column":30},"end":{"line":15,"column":5}},"line":9},"1":{"name":"(anonymous_1)","decl":{"start":{"line":20,"column":4},"end":{"line":20,"column":5}},"loc":{"start":{"line":20,"column":9},"end":{"line":25,"column":5}},"line":20},"2":{"name":"(anonymous_2)","decl":{"start":{"line":30,"column":4},"end":{"line":30,"column":5}},"loc":{"start":{"line":30,"column":12},"end":{"line":33,"column":5}},"line":30},"3":{"name":"(anonymous_3)","decl":{"start":{"line":35,"column":4},"end":{"line":35,"column":5}},"loc":{"start":{"line":35,"column":39},"end":{"line":42,"column":5}},"line":35}},"branchMap":{"0":{"loc":{"start":{"line":32,"column":8},"end":{"line":32,"column":36}},"type":"binary-expr","locations":[{"start":{"line":32,"column":8},"end":{"line":32,"column":15}},{"start":{"line":32,"column":19},"end":{"line":32,"column":36}}],"line":32}},"s":{"0":1,"1":10,"2":10,"3":10,"4":10,"5":10,"6":14,"7":14,"8":14,"9":14,"10":14,"11":14,"12":14,"13":14},"f":{"0":10,"1":14,"2":14,"3":14},"b":{"0":[14,14]},"_coverageSchema":"1a1c01bbd47fc00a2c39e90264f33305004495a9","hash":"3387c4afcd5903e8d6cffd68e27035d776610d77"}
}
