TN:
SF:src\compiler.ts
FN:7,(anonymous_0)
FN:25,(anonymous_1)
FN:28,(anonymous_2)
FN:42,(anonymous_3)
FN:51,(anonymous_4)
FN:53,(anonymous_5)
FN:70,(anonymous_6)
FN:73,(anonymous_7)
FN:80,(anonymous_8)
FN:85,(anonymous_9)
FN:89,(anonymous_10)
FN:109,(anonymous_11)
FN:119,(anonymous_12)
FN:126,(anonymous_13)
FN:138,(anonymous_14)
FN:147,(anonymous_15)
FNF:16
FNH:15
FNDA:2,(anonymous_0)
FNDA:2,(anonymous_1)
FNDA:10,(anonymous_2)
FNDA:10,(anonymous_3)
FNDA:12,(anonymous_4)
FNDA:20,(anonymous_5)
FNDA:10,(anonymous_6)
FNDA:10,(anonymous_7)
FNDA:4,(anonymous_8)
FNDA:3,(anonymous_9)
FNDA:0,(anonymous_10)
FNDA:2,(anonymous_11)
FNDA:10,(anonymous_12)
FNDA:7,(anonymous_13)
FNDA:6,(anonymous_14)
FNDA:10,(anonymous_15)
DA:9,2
DA:10,2
DA:11,2
DA:13,2
DA:15,2
DA:17,2
DA:26,2
DA:27,2
DA:28,2
DA:30,10
DA:31,8
DA:35,2
DA:43,10
DA:44,10
DA:52,12
DA:53,10
DA:55,20
DA:57,10
DA:58,10
DA:60,10
DA:72,10
DA:73,10
DA:74,10
DA:75,10
DA:76,10
DA:77,4
DA:78,4
DA:80,2
DA:81,4
DA:83,2
DA:85,2
DA:86,3
DA:89,2
DA:90,0
DA:92,2
DA:95,10
DA:96,2
DA:99,10
DA:110,2
DA:111,2
DA:112,2
DA:120,10
DA:121,10
DA:123,6
DA:126,6
DA:127,7
DA:140,6
DA:142,6
DA:144,6
DA:146,6
DA:147,6
DA:148,10
DA:150,2
DA:152,8
DA:155,6
LF:55
LH:54
BRDA:11,0,0,2
BRDA:11,0,1,0
BRDA:27,1,0,2
BRDA:27,1,1,0
BRDA:27,2,0,2
BRDA:27,2,1,2
BRDA:30,3,0,8
BRDA:30,3,1,2
BRDA:44,4,0,10
BRDA:44,4,1,10
BRDA:44,4,2,2
BRDA:52,5,0,10
BRDA:52,5,1,2
BRDA:52,6,0,12
BRDA:52,6,1,12
BRDA:55,7,0,10
BRDA:55,7,1,10
BRDA:58,8,0,10
BRDA:58,8,1,0
BRDA:76,9,0,4
BRDA:76,9,1,6
BRDA:78,10,0,2
BRDA:78,10,1,2
BRDA:95,11,0,2
BRDA:95,11,1,8
BRDA:121,12,0,6
BRDA:121,12,1,4
BRDA:148,13,0,2
BRDA:148,13,1,8
BRDA:148,14,0,10
BRDA:148,14,1,6
BRF:31
BRH:28
end_of_record
TN:
SF:src\dep.ts
FN:6,(anonymous_0)
FN:11,(anonymous_1)
FN:15,(anonymous_2)
FNF:3
FNH:3
FNDA:9,(anonymous_0)
FNDA:10,(anonymous_1)
FNDA:2,(anonymous_2)
DA:8,9
DA:12,10
DA:16,2
DA:17,4
LF:4
LH:4
BRF:0
BRH:0
end_of_record
TN:
SF:src\index.ts
FN:10,(anonymous_0)
FN:34,(anonymous_1)
FN:35,(anonymous_2)
FN:37,(anonymous_3)
FN:40,(anonymous_4)
FN:52,(anonymous_5)
FN:54,(anonymous_6)
FNF:7
FNH:7
FNDA:2,(anonymous_0)
FNDA:2,(anonymous_1)
FNDA:7,(anonymous_2)
FNDA:12,(anonymous_3)
FNDA:2,(anonymous_4)
FNDA:2,(anonymous_5)
FNDA:2,(anonymous_6)
DA:13,2
DA:15,2
DA:17,2
DA:19,2
DA:20,2
DA:22,2
DA:25,2
DA:26,2
DA:35,2
DA:36,7
DA:38,12
DA:41,2
DA:53,2
DA:54,2
DA:55,2
DA:61,1
LF:16
LH:16
BRDA:15,0,0,2
BRDA:15,0,1,0
BRDA:53,1,0,2
BRDA:53,1,1,0
BRDA:53,2,0,2
BRDA:53,2,1,2
BRF:6
BRH:4
end_of_record
TN:
SF:src\observer.ts
FN:6,(anonymous_0)
FN:16,(anonymous_1)
FN:21,(anonymous_2)
FN:33,(anonymous_3)
FN:39,(anonymous_4)
FN:46,(anonymous_5)
FNF:6
FNH:6
FNDA:2,(anonymous_0)
FNDA:11,(anonymous_1)
FNDA:9,(anonymous_2)
FNDA:9,(anonymous_3)
FNDA:12,(anonymous_4)
FNDA:2,(anonymous_5)
DA:7,2
DA:9,2
DA:17,11
DA:18,7
DA:21,4
DA:22,9
DA:34,9
DA:35,9
DA:41,12
DA:43,12
DA:47,2
DA:48,2
DA:49,2
DA:52,9
LF:14
LH:14
BRDA:17,0,0,7
BRDA:17,0,1,4
BRDA:17,1,0,11
BRDA:17,1,1,9
BRDA:41,2,0,12
BRDA:41,2,1,10
BRF:6
BRH:6
end_of_record
TN:
SF:src\watcher.ts
FN:9,(anonymous_0)
FN:20,(anonymous_1)
FN:30,(anonymous_2)
FN:35,(anonymous_3)
FNF:4
FNH:4
FNDA:10,(anonymous_0)
FNDA:14,(anonymous_1)
FNDA:14,(anonymous_2)
FNDA:14,(anonymous_3)
DA:3,1
DA:10,10
DA:11,10
DA:12,10
DA:13,10
DA:14,10
DA:21,14
DA:22,14
DA:23,14
DA:24,14
DA:31,14
DA:32,14
DA:40,14
DA:41,14
LF:14
LH:14
BRDA:32,0,0,14
BRDA:32,0,1,14
BRF:2
BRH:2
end_of_record
